<?xml version="1.0" encoding="UTF-8"?>
<testng-results ignored="0" total="1" passed="1" failed="0" skipped="0">
  <reporter-output>
  </reporter-output>
  <suite started-at="2020-09-26T10:17:07 EDT" name="Default suite" finished-at="2020-09-26T10:17:38 EDT" duration-ms="30256">
    <groups>
    </groups>
    <test started-at="2020-09-26T10:17:07 EDT" name="Default test" finished-at="2020-09-26T10:17:38 EDT" duration-ms="30256">
      <class name="j08_TestNG">
        <test-method is-config="true" signature="beforeSuite()[pri:0, instance:j08_TestNG@12d4bf7e]" started-at="2020-09-26T10:17:07 EDT" name="beforeSuite" finished-at="2020-09-26T10:17:07 EDT" duration-ms="9" status="PASS">
          <reporter-output>
          </reporter-output>
        </test-method> <!-- beforeSuite -->
        <test-method is-config="true" signature="beforeTest()[pri:0, instance:j08_TestNG@12d4bf7e]" started-at="2020-09-26T10:17:07 EDT" name="beforeTest" finished-at="2020-09-26T10:17:07 EDT" duration-ms="1" status="PASS">
          <reporter-output>
          </reporter-output>
        </test-method> <!-- beforeTest -->
        <test-method is-config="true" signature="beforeClass()[pri:0, instance:j08_TestNG@12d4bf7e]" started-at="2020-09-26T10:17:07 EDT" name="beforeClass" finished-at="2020-09-26T10:17:07 EDT" duration-ms="1" status="PASS">
          <reporter-output>
          </reporter-output>
        </test-method> <!-- beforeClass -->
        <test-method is-config="true" signature="beforeMethod()[pri:0, instance:j08_TestNG@12d4bf7e]" started-at="2020-09-26T10:17:07 EDT" name="beforeMethod" finished-at="2020-09-26T10:17:31 EDT" duration-ms="23909" status="PASS">
          <reporter-output>
          </reporter-output>
        </test-method> <!-- beforeMethod -->
        <test-method signature="TC03()[pri:0, instance:j08_TestNG@12d4bf7e]" started-at="2020-09-26T10:17:31 EDT" name="TC03" finished-at="2020-09-26T10:17:37 EDT" duration-ms="5606" status="PASS">
          <reporter-output>
          </reporter-output>
        </test-method> <!-- TC03 -->
        <test-method is-config="true" signature="afterMethod()[pri:0, instance:j08_TestNG@12d4bf7e]" started-at="2020-09-26T10:17:37 EDT" name="afterMethod" finished-at="2020-09-26T10:17:38 EDT" duration-ms="698" status="PASS">
          <reporter-output>
          </reporter-output>
        </test-method> <!-- afterMethod -->
        <test-method is-config="true" signature="afterClass()[pri:0, instance:j08_TestNG@12d4bf7e]" started-at="2020-09-26T10:17:38 EDT" name="afterClass" finished-at="2020-09-26T10:17:38 EDT" duration-ms="1" status="PASS">
          <reporter-output>
          </reporter-output>
        </test-method> <!-- afterClass -->
        <test-method is-config="true" signature="afterTest()[pri:0, instance:j08_TestNG@12d4bf7e]" started-at="2020-09-26T10:17:38 EDT" name="afterTest" finished-at="2020-09-26T10:17:38 EDT" duration-ms="1" status="PASS">
          <reporter-output>
          </reporter-output>
        </test-method> <!-- afterTest -->
        <test-method is-config="true" signature="afterSuite()[pri:0, instance:j08_TestNG@12d4bf7e]" started-at="2020-09-26T10:17:38 EDT" name="afterSuite" finished-at="2020-09-26T10:17:38 EDT" duration-ms="1" status="PASS">
          <reporter-output>
          </reporter-output>
        </test-method> <!-- afterSuite -->
      </class> <!-- j08_TestNG -->
    </test> <!-- Default test -->
  </suite> <!-- Default suite -->
</testng-results>
